SX1302 reset through GPIO17
SX1261 reset through GPIO22
SX1302 power enable skipped
SX1302 reset through GPIO17
SX1261 reset through GPIO22
SX1302 power enable skipped
SX1302 reset through GPIO17
SX1261 reset through GPIO22
SX1302 power enable skipped
SX1302 reset through GPIO17
SX1261 reset through GPIO22
SX1302 power enable skipped
SX1302 reset through GPIO17
SX1261 reset through GPIO22
SX1302 power enable skipped
===== sx1302 HAL RX test =====
INFO: rxpkt buffer size is set to 255
INFO: Select channel mode 0
Opening SPI communication interface
Note: chip version is 0x10 (v1.0)
INFO: Configuring SX1250_0 in single input mode
INFO: Configuring SX1250_1 in single input mode
INFO: using legacy timestamp
ARB: dual demodulation disabled for all SF
INFO: no temperature sensor found on port 0x39
INFO: no temperature sensor found on port 0x3B
INFO: no temperature sensor found on port 0x38
WARNING: no temperature sensor found; continuing without temperature telemetry.
Waiting for packets...

----- LoRa packet -----
  count_us: 12671249
  size:     217
  chan:     3
  status:   0x10
  datr:     9
  codr:     1
  rf_chain  0
  freq_hz   903900000
  snr_avg:  11.5
  rssi_chan:150.0
  rssi_sig :149.0
  crc:      0x8B33
5A 4C 31 50 01 00 13 DE CF 0E 33 A2 6B DA A0 61 0F FF 6F 54 C6 40 3E 62 9F 0C 35 EC 9F 73 C8 BD 16 A5 51 64 84 3F CE A8 09 22 53 03 6E D1 D5 51 47 65 EC 98 6D A7 AC 5B B8 B7 DD CD 87 02 DF 7D 14 B7 D1 AB 30 2B 4F 73 AE E8 57 89 F8 57 9D 3B 2D D1 EB CD 68 6A 94 7B 82 1A A8 35 57 97 B2 11 2C 71 79 61 03 0C 13 C8 D9 B0 0C FA BB 23 CA 91 F0 E5 02 FB 60 68 52 29 DC 4B 08 D3 F9 EC 7C 7B AD 82 A9 AF 71 F9 41 58 35 10 2A 49 79 9F 83 EF 0D BE F3 54 0F 8B F9 2F 96 38 38 5E F1 5D FF 67 32 33 3F 2D 79 14 AB F4 DB 6B 22 E6 9F 9B 9C B0 70 5C F5 75 F1 E3 21 EA 9C 18 99 EC FC 2F 29 F4 0C 6C 04 A5 1B 17 A3 16 BA 8D 7C B9 93 80 2E C1 EB 5B 97 6E 1E 13 56 9B AE 
Received 1 packets (total:1)

Nb valid packets received: 1 CRC OK (1)
Closing SPI communication interface
WARNING: optional STTS751 temperature sensor close failed; ignored (err=-1)
Opening SPI communication interface
Note: chip version is 0x10 (v1.0)
INFO: Configuring SX1250_0 in single input mode
INFO: Configuring SX1250_1 in single input mode
INFO: using legacy timestamp
ARB: dual demodulation disabled for all SF
INFO: no temperature sensor found on port 0x39
INFO: no temperature sensor found on port 0x3B
INFO: no temperature sensor found on port 0x38
WARNING: no temperature sensor found; continuing without temperature telemetry.
Waiting for packets...

----- LoRa packet -----
  count_us: 6949377
  size:     217
  chan:     3
  status:   0x10
  datr:     9
  codr:     1
  rf_chain  0
  freq_hz   903900000
  snr_avg:  11.5
  rssi_chan:150.0
  rssi_sig :149.0
  crc:      0x8B33
5A 4C 31 50 01 00 13 DE CF 0E 33 A2 6B DA A0 61 0F FF 6F 54 C6 40 3E 62 9F 0C 35 EC 9F 73 C8 BD 16 A5 51 64 84 3F CE A8 09 22 53 03 6E D1 D5 51 47 65 EC 98 6D A7 AC 5B B8 B7 DD CD 87 02 DF 7D 14 B7 D1 AB 30 2B 4F 73 AE E8 57 89 F8 57 9D 3B 2D D1 EB CD 68 6A 94 7B 82 1A A8 35 57 97 B2 11 2C 71 79 61 03 0C 13 C8 D9 B0 0C FA BB 23 CA 91 F0 E5 02 FB 60 68 52 29 DC 4B 08 D3 F9 EC 7C 7B AD 82 A9 AF 71 F9 41 58 35 10 2A 49 79 9F 83 EF 0D BE F3 54 0F 8B F9 2F 96 38 38 5E F1 5D FF 67 32 33 3F 2D 79 14 AB F4 DB 6B 22 E6 9F 9B 9C B0 70 5C F5 75 F1 E3 21 EA 9C 18 99 EC FC 2F 29 F4 0C 6C 04 A5 1B 17 A3 16 BA 8D 7C B9 93 80 2E C1 EB 5B 97 6E 1E 13 56 9B AE 
Received 1 packets (total:1)

Nb valid packets received: 1 CRC OK (2)
Closing SPI communication interface
WARNING: optional STTS751 temperature sensor close failed; ignored (err=-1)
Opening SPI communication interface
Note: chip version is 0x10 (v1.0)
INFO: Configuring SX1250_0 in single input mode
INFO: Configuring SX1250_1 in single input mode
INFO: using legacy timestamp
ARB: dual demodulation disabled for all SF
INFO: no temperature sensor found on port 0x39
INFO: no temperature sensor found on port 0x3B
INFO: no temperature sensor found on port 0x38
WARNING: no temperature sensor found; continuing without temperature telemetry.
Waiting for packets...

----- LoRa packet -----
  count_us: 6947952
  size:     217
  chan:     3
  status:   0x10
  datr:     9
  codr:     1
  rf_chain  0
  freq_hz   903900000
  snr_avg:  11.8
  rssi_chan:150.0
  rssi_sig :149.0
  crc:      0x8B33
5A 4C 31 50 01 00 13 DE CF 0E 33 A2 6B DA A0 61 0F FF 6F 54 C6 40 3E 62 9F 0C 35 EC 9F 73 C8 BD 16 A5 51 64 84 3F CE A8 09 22 53 03 6E D1 D5 51 47 65 EC 98 6D A7 AC 5B B8 B7 DD CD 87 02 DF 7D 14 B7 D1SX1302 reset through GPIO17
SX1261 reset through GPIO22
SX1302 power enable skipped
SX1302 reset through GPIO17
SX1261 reset through GPIO22
SX1302 power enable skipped
SX1302 reset through GPIO17
SX1261 reset through GPIO22
SX1302 power enable skipped
SX1302 reset through GPIO17
SX1261 reset through GPIO22
SX1302 power enable skipped
SX1302 reset through GPIO17
SX1261 reset through GPIO22
SX1302 power enable skipped
 AB 30 2B 4F 73 AE E8 57 89 F8 57 9D 3B 2D D1 EB CD 68 6A 94 7B 82 1A A8 35 57 97 B2 11 2C 71 79 61 03 0C 13 C8 D9 B0 0C FA BB 23 CA 91 F0 E5 02 FB 60 68 52 29 DC 4B 08 D3 F9 EC 7C 7B AD 82 A9 AF 71 F9 41 58 35 10 2A 49 79 9F 83 EF 0D BE F3 54 0F 8B F9 2F 96 38 38 5E F1 5D FF 67 32 33 3F 2D 79 14 AB F4 DB 6B 22 E6 9F 9B 9C B0 70 5C F5 75 F1 E3 21 EA 9C 18 99 EC FC 2F 29 F4 0C 6C 04 A5 1B 17 A3 16 BA 8D 7C B9 93 80 2E C1 EB 5B 97 6E 1E 13 56 9B AE 
Received 1 packets (total:1)

Nb valid packets received: 1 CRC OK (3)
Closing SPI communication interface
WARNING: optional STTS751 temperature sensor close failed; ignored (err=-1)
Opening SPI communication interface
Note: chip version is 0x10 (v1.0)
INFO: Configuring SX1250_0 in single input mode
INFO: Configuring SX1250_1 in single input mode
INFO: using legacy timestamp
ARB: dual demodulation disabled for all SF
INFO: no temperature sensor found on port 0x39
INFO: no temperature sensor found on port 0x3B
INFO: no temperature sensor found on port 0x38
WARNING: no temperature sensor found; continuing without temperature telemetry.
Waiting for packets...

----- LoRa packet -----
  count_us: 6956359
  size:     217
  chan:     3
  status:   0x10
  datr:     9
  codr:     1
  rf_chain  0
  freq_hz   903900000
  snr_avg:  11.5
  rssi_chan:149.0
  rssi_sig :149.0
  crc:      0x8B33
5A 4C 31 50 01 00 13 DE CF 0E 33 A2 6B DA A0 61 0F FF 6F 54 C6 40 3E 62 9F 0C 35 EC 9F 73 C8 BD 16 A5 51 64 84 3F CE A8 09 22 53 03 6E D1 D5 51 47 65 EC 98 6D A7 AC 5B B8 B7 DD CD 87 02 DF 7D 14 B7 D1 AB 30 2B 4F 73 AE E8 57 89 F8 57 9D 3B 2D D1 EB CD 68 6A 94 7B 82 1A A8 35 57 97 B2 11 2C 71 79 61 03 0C 13 C8 D9 B0 0C FA BB 23 CA 91 F0 E5 02 FB 60 68 52 29 DC 4B 08 D3 F9 EC 7C 7B AD 82 A9 AF 71 F9 41 58 35 10 2A 49 79 9F 83 EF 0D BE F3 54 0F 8B F9 2F 96 38 38 5E F1 5D FF 67 32 33 3F 2D 79 14 AB F4 DB 6B 22 E6 9F 9B 9C B0 70 5C F5 75 F1 E3 21 EA 9C 18 99 EC FC 2F 29 F4 0C 6C 04 A5 1B 17 A3 16 BA 8D 7C B9 93 80 2E C1 EB 5B 97 6E 1E 13 56 9B AE 
Received 1 packets (total:1)

Nb valid packets received: 1 CRC OK (4)
Closing SPI communication interface
WARNING: optional STTS751 temperature sensor close failed; ignored (err=-1)
Opening SPI communication interface
Note: chip version is 0x10 (v1.0)
INFO: Configuring SX1250_0 in single input mode
INFO: Configuring SX1250_1 in single input mode
INFO: using legacy timestamp
ARB: dual demodulation disabled for all SF
INFO: no temperature sensor found on port 0x39
INFO: no temperature sensor found on port 0x3B
INFO: no temperature sensor found on port 0x38
WARNING: no temperature sensor found; continuing without temperature telemetry.
Waiting for packets...

----- LoRa packet -----
  count_us: 308935831
  size:     87
  chan:     3
  status:   0x01
  datr:     9
  codr:     1
  rf_chain  0
  freq_hz   903900000
  snr_avg:  11.0
  rssi_chan:196.0
  rssi_sig :196.0
  crc:      0x0000
40 AB AB AB AB 00 00 00 02 09 0A 0B 0C 0D 0E 0F 10 11 12 13 14 15 16 17 18 19 1A 1B 1C 1D 1E 1F 20 21 22 23 24 25 26 27 28 29 2A 2B 2C 2D 2E 2F 30 31 32 33 34 35 36 37 38 39 3A 3B 3C 3D 3E 3F 40 41 42 43 44 45 46 47 48 49 4A 4B 4C 4D 4E 4F 50 51 52 53 54 55 56 
Received 1 packets (total:0)

Nb valid packets received: 0 CRC OK (5)
Closing SPI communication interface
WARNING: optional STTS751 temperature sensor close failed; ignored (err=-1)
=========== Test End ===========
