A-side secure packet repeated TX for B RX correlation
TX command UTC start: Tue Jun 30 13:59:26 UTC 2026
Settings: 903.9 MHz, SF9, 125 kHz, 14 dBm
Payload: artifacts/milestone1/hardware_capture/secure_packet_rf/node-a-tx_20260630T135914Z/tx_secure_packet.bin
-rw-rw-r-- 1 strawberry-z-model-1 strawberry-z-model-1 217 Jun 30 09:59 /home/strawberry-z-model-1/zk-lora-milestone-1/artifacts/milestone1/hardware_capture/secure_packet_rf/node-a-tx_20260630T135914Z/tx_secure_packet.bin
874ff62e365dd9d90e460c8c51c475e319968e62bc9c03836e9ae98c9d0f4137  /home/strawberry-z-model-1/zk-lora-milestone-1/artifacts/milestone1/hardware_capture/secure_packet_rf/node-a-tx_20260630T135914Z/tx_secure_packet.bin

TX_BURST_1 START Tue Jun 30 13:59:26 UTC 2026
Using GPIO tool: pinctrl
SX1302 reset pin: GPIO25
SX1261 reset pin: GPIO22
SX1302 power enable skipped: no documented known-good power-enable GPIO for RakMiner-A
GPIO state after reset sequence:
25: op -- pd | lo // GPIO25 = output
22: op -- pd | hi // GPIO22 = output
A_LORA_TX_FILE_INPUT=/home/strawberry-z-model-1/zk-lora-milestone-1/artifacts/milestone1/hardware_capture/secure_packet_rf/node-a-tx_20260630T135914Z/tx_secure_packet.bin
A_LORA_TX_FILE_BYTES=217
A_LORA_TX_FILE_FNV1A32=cc2d277a
Opening SPI communication interface
Note: chip version is 0x10 (v1.0)
INFO: Configuring SX1250_0 in single input mode
INFO: using legacy timestamp
ARB: dual demodulation disabled for all SF
INFO: no temperature sensor found on port 0x39
INFO: no temperature sensor found on port 0x3B
INFO: no temperature sensor found on port 0x38
WARNING: no temperature sensor found; continuing without temperature telemetry.
A_LORA_TX_FILE_SEND_BEGIN=YES
Safe no-op stop: leaving SPI and reset GPIO states unchanged.
A_LORA_TX_FILE_SEND_COMPLETE=YES
Closing SPI communication interface
WARNING: optional STTS751 temperature sensor close failed; ignored (err=-1)
TX_BURST_1 EXIT_STATUS 0
TX_BURST_1 END Tue Jun 30 13:59:30 UTC 2026

TX_BURST_2 START Tue Jun 30 13:59:40 UTC 2026
Using GPIO tool: pinctrl
SX1302 reset pin: GPIO25
SX1261 reset pin: GPIO22
SX1302 power enable skipped: no documented known-good power-enable GPIO for RakMiner-A
GPIO state after reset sequence:
25: op -- pd | lo // GPIO25 = output
22: op -- pd | hi // GPIO22 = output
A_LORA_TX_FILE_INPUT=/home/strawberry-z-model-1/zk-lora-milestone-1/artifacts/milestone1/hardware_capture/secure_packet_rf/node-a-tx_20260630T135914Z/tx_secure_packet.bin
A_LORA_TX_FILE_BYTES=217
A_LORA_TX_FILE_FNV1A32=cc2d277a
Opening SPI communication interface
Note: chip version is 0x10 (v1.0)
INFO: Configuring SX1250_0 in single input mode
INFO: using legacy timestamp
ARB: dual demodulation disabled for all SF
INFO: no temperature sensor found on port 0x39
INFO: no temperature sensor found on port 0x3B
INFO: no temperature sensor found on port 0x38
WARNING: no temperature sensor found; continuing without temperature telemetry.
A_LORA_TX_FILE_SEND_BEGIN=YES
Safe no-op stop: leaving SPI and reset GPIO states unchanged.
A_LORA_TX_FILE_SEND_COMPLETE=YES
Closing SPI communication interface
WARNING: optional STTS751 temperature sensor close failed; ignored (err=-1)
TX_BURST_2 EXIT_STATUS 0
TX_BURST_2 END Tue Jun 30 13:59:44 UTC 2026

TX_BURST_3 START Tue Jun 30 13:59:54 UTC 2026
Using GPIO tool: pinctrl
SX1302 reset pin: GPIO25
SX1261 reset pin: GPIO22
SX1302 power enable skipped: no documented known-good power-enable GPIO for RakMiner-A
GPIO state after reset sequence:
25: op -- pd | lo // GPIO25 = output
22: op -- pd | hi // GPIO22 = output
A_LORA_TX_FILE_INPUT=/home/strawberry-z-model-1/zk-lora-milestone-1/artifacts/milestone1/hardware_capture/secure_packet_rf/node-a-tx_20260630T135914Z/tx_secure_packet.bin
A_LORA_TX_FILE_BYTES=217
A_LORA_TX_FILE_FNV1A32=cc2d277a
Opening SPI communication interface
Note: chip version is 0x10 (v1.0)
INFO: Configuring SX1250_0 in single input mode
INFO: using legacy timestamp
ARB: dual demodulation disabled for all SF
INFO: no temperature sensor found on port 0x39
INFO: no temperature sensor found on port 0x3B
INFO: no temperature sensor found on port 0x38
WARNING: no temperature sensor found; continuing without temperature telemetry.
A_LORA_TX_FILE_SEND_BEGIN=YES
Safe no-op stop: leaving SPI and reset GPIO states unchanged.
A_LORA_TX_FILE_SEND_COMPLETE=YES
Closing SPI communication interface
WARNING: optional STTS751 temperature sensor close failed; ignored (err=-1)
TX_BURST_3 EXIT_STATUS 0
TX_BURST_3 END Tue Jun 30 13:59:59 UTC 2026

TX_BURST_4 START Tue Jun 30 14:00:09 UTC 2026
Using GPIO tool: pinctrl
SX1302 reset pin: GPIO25
SX1261 reset pin: GPIO22
SX1302 power enable skipped: no documented known-good power-enable GPIO for RakMiner-A
GPIO state after reset sequence:
25: op -- pd | lo // GPIO25 = output
22: op -- pd | hi // GPIO22 = output
A_LORA_TX_FILE_INPUT=/home/strawberry-z-model-1/zk-lora-milestone-1/artifacts/milestone1/hardware_capture/secure_packet_rf/node-a-tx_20260630T135914Z/tx_secure_packet.bin
A_LORA_TX_FILE_BYTES=217
A_LORA_TX_FILE_FNV1A32=cc2d277a
Opening SPI communication interface
Note: chip version is 0x10 (v1.0)
INFO: Configuring SX1250_0 in single input mode
INFO: using legacy timestamp
ARB: dual demodulation disabled for all SF
INFO: no temperature sensor found on port 0x39
INFO: no temperature sensor found on port 0x3B
INFO: no temperature sensor found on port 0x38
WARNING: no temperature sensor found; continuing without temperature telemetry.
A_LORA_TX_FILE_SEND_BEGIN=YES
Safe no-op stop: leaving SPI and reset GPIO states unchanged.
A_LORA_TX_FILE_SEND_COMPLETE=YES
Closing SPI communication interface
WARNING: optional STTS751 temperature sensor close failed; ignored (err=-1)
TX_BURST_4 EXIT_STATUS 0
TX_BURST_4 END Tue Jun 30 14:00:13 UTC 2026

TX_BURST_5 START Tue Jun 30 14:00:23 UTC 2026
Using GPIO tool: pinctrl
SX1302 reset pin: GPIO25
SX1261 reset pin: GPIO22
SX1302 power enable skipped: no documented known-good power-enable GPIO for RakMiner-A
GPIO state after reset sequence:
25: op -- pd | lo // GPIO25 = output
22: op -- pd | hi // GPIO22 = output
A_LORA_TX_FILE_INPUT=/home/strawberry-z-model-1/zk-lora-milestone-1/artifacts/milestone1/hardware_capture/secure_packet_rf/node-a-tx_20260630T135914Z/tx_secure_packet.bin
A_LORA_TX_FILE_BYTES=217
A_LORA_TX_FILE_FNV1A32=cc2d277a
Opening SPI communication interface
Note: chip version is 0x10 (v1.0)
INFO: Configuring SX1250_0 in single input mode
INFO: using legacy timestamp
ARB: dual demodulation disabled for all SF
INFO: no temperature sensor found on port 0x39
INFO: no temperature sensor found on port 0x3B
INFO: no temperature sensor found on port 0x38
WARNING: no temperature sensor found; continuing without temperature telemetry.
A_LORA_TX_FILE_SEND_BEGIN=YES
Safe no-op stop: leaving SPI and reset GPIO states unchanged.
A_LORA_TX_FILE_SEND_COMPLETE=YES
Closing SPI communication interface
WARNING: optional STTS751 temperature sensor close failed; ignored (err=-1)
TX_BURST_5 EXIT_STATUS 0
TX_BURST_5 END Tue Jun 30 14:00:27 UTC 2026

TX command UTC end: Tue Jun 30 14:00:37 UTC 2026
