Coordinated real LoRa TX UTC: Tue Jun 30 00:09:22 UTC 2026
Command: /home/strawberry-z-model-1/LANGUAGEU_28CHIRPS_RF_PROOF_A/lora_tx_driver/A_LORA_TX_FILE --file /home/strawberry-z-model-1/zk-lora-milestone-1/artifacts/milestone1/hardware_capture/node-a-tx/interactive_privileged_retry/zk_lora_payload.bin --frequency-mhz 903.9 --sf 9 --bandwidth-khz 125 --power-dbm 14
Using GPIO tool: pinctrl
SX1302 reset pin: GPIO25
SX1261 reset pin: GPIO22
SX1302 power enable skipped: no documented known-good power-enable GPIO for RakMiner-A
GPIO state after reset sequence:
25: op -- pd | lo // GPIO25 = output
22: op -- pd | hi // GPIO22 = output
A_LORA_TX_FILE_INPUT=/home/strawberry-z-model-1/zk-lora-milestone-1/artifacts/milestone1/hardware_capture/node-a-tx/interactive_privileged_retry/zk_lora_payload.bin
A_LORA_TX_FILE_BYTES=240
A_LORA_TX_FILE_FNV1A32=39fc52ff
Opening SPI communication interface
Note: chip version is 0x10 (v1.0)
INFO: Configuring SX1250_0 in single input mode
INFO: using legacy timestamp
ARB: dual demodulation disabled for all SF
INFO: no temperature sensor found on port 0x39
INFO: no temperature sensor found on port 0x3B
INFO: no temperature sensor found on port 0x38
WARNING: no temperature sensor found; continuing without temperature telemetry.
A_LORA_TX_FILE_SEND_BEGIN=YES
Safe no-op stop: leaving SPI and reset GPIO states unchanged.
A_LORA_TX_FILE_SEND_COMPLETE=YES
Closing SPI communication interface
WARNING: optional STTS751 temperature sensor close failed; ignored (err=-1)
COORDINATED_TX_EXIT_STATUS=0
Coordinated TX finished UTC: Tue Jun 30 00:09:26 UTC 2026
